[debug] > Exec(early(addDefaultCommands), None, None)
[debug] > Exec(addDefaultCommands, None, None)
[debug] > Exec(early(initialize), None, None)
[debug] > Exec(initialize, None, None)
[debug] > Exec(boot, None, None)
[debug] > Exec(writeSbtVersion, None, None)
[debug] > Exec(reload, None, None)
[debug] > Exec(sbtStashOnFailure, None, None)
[debug] > Exec(onFailure loadFailed, None, None)
[debug] > Exec(loadp, None, None)
[info] welcome to sbt 1.9.8 (Oracle Corporation Java 20.0.2)
[debug]       Load.loadUnit: plugins took 197.814199ms
[debug]       Load.loadUnit: defsScala took 0.8738ms
[debug] [Loading] Scanning directory C:\Users\carlos\.sbt\1.0\plugins
[debug] [Loading] Found non-root projects 
[debug] [Loading] Done in C:\Users\carlos\.sbt\1.0\plugins, returning: ()
[debug] deducing auto plugins based on known facts Set(Atom(sbt.plugins.CorePlugin)) and clauses Clauses(Clause(Atom(sbt.plugins.JvmPlugin),Set(Atom(sbt.plugins.IvyPlugin)))
[debug] Clause(Atom(sbt.ScriptedPlugin),Set(Atom(sbt.plugins.JvmPlugin)))
[debug] Clause(Atom(sbt.plugins.SbtPlugin),Set(Atom(sbt.ScriptedPlugin)))
[debug] Clause(Atom(sbt.plugins.SemanticdbPlugin),Set(Atom(sbt.plugins.JvmPlugin)))
[debug] Clause(Atom(sbt.plugins.JUnitXmlReportPlugin),Set(Atom(sbt.plugins.JvmPlugin)))
[debug] Clause(Atom(sbt.plugins.MiniDependencyTreePlugin),Set(Atom(sbt.plugins.JvmPlugin)))
[debug] Clause(Atom(sbt.plugins.CorePlugin),Set(Atom(sbt.plugins.IvyPlugin)))
[debug] Clause(Atom(sbt.plugins.IvyPlugin),Set(Atom(sbt.plugins.JvmPlugin)))
[debug] Clause(Atom(sbt.plugins.JvmPlugin),Set(Atom(sbt.plugins.SemanticdbPlugin)))
[debug] Clause(Atom(sbt.plugins.JvmPlugin),Set(Atom(sbt.plugins.JUnitXmlReportPlugin)))
[debug] Clause(Atom(sbt.plugins.CorePlugin),Set(Atom(sbt.plugins.Giter8TemplatePlugin)))
[debug] Clause(Atom(sbt.plugins.JvmPlugin),Set(Atom(sbt.plugins.MiniDependencyTreePlugin))))
[debug]   :: deduced result: Matched(sbt.plugins.CorePlugin,sbt.plugins.Giter8TemplatePlugin,sbt.plugins.IvyPlugin,sbt.plugins.JvmPlugin,sbt.plugins.MiniDependencyTreePlugin,sbt.plugins.JUnitXmlReportPlugin,sbt.plugins.SemanticdbPlugin)
[debug] Plugins.deducer#function took 39.8454 ms
[debug]           Load.resolveProject(global-plugins) took 90.7346ms
[debug]         Load.loadTransitive: finalizeProject(Project(id global-plugins, base: C:\Users\carlos\.sbt\1.0\plugins, plugins: List(<none>))) took 176.213699ms
[debug] [Loading] Done in C:\Users\carlos\.sbt\1.0\plugins, returning: (global-plugins)
[debug]       Load.loadUnit: loadedProjectsRaw took 225.1635ms
[debug]       Load.loadUnit: cleanEvalClasses took 0.364799ms
[debug]     Load.loadUnit(file:/C:/Users/carlos/.sbt/1.0/plugins/, ...) took 445.660701ms
[debug]   Load.apply: load took 874.275201ms
[debug]   Load.apply: resolveProjects took 12.207501ms
[debug]   Load.apply: finalTransforms took 124.2359ms
[debug]   Load.apply: config.delegates took 14.0097ms
[debug]   Load.apply: Def.make(settings)... took 806.1842ms
[debug]   Load.apply: structureIndex took 181.2256ms
[debug]   Load.apply: mkStreams took 3.7459ms
[info] loading global plugins from C:\Users\carlos\.sbt\1.0\plugins
[debug] Running task... Cancel: Signal, check cycles: false, forcegc: true
[debug] Load.defaultLoad until apply took 4193.4653ms
[debug]           Load.loadUnit: plugins took 35.615401ms
[debug]           Load.loadUnit: defsScala took 0.005999ms
[debug] [Loading] Scanning directory C:\intellij\ProgramadorUtpl\Lopez_RedSocial_Reactiva\project
[debug] [Loading] Found non-root projects 
[debug] [Loading] Done in C:\intellij\ProgramadorUtpl\Lopez_RedSocial_Reactiva\project, returning: ()
[debug] deducing auto plugins based on known facts Set(Atom(sbt.plugins.CorePlugin)) and clauses Clauses(Clause(Atom(sbt.plugins.JvmPlugin),Set(Atom(sbt.plugins.IvyPlugin)))
[debug] Clause(Atom(sbt.ScriptedPlugin),Set(Atom(sbt.plugins.JvmPlugin)))
[debug] Clause(Atom(sbt.plugins.SbtPlugin),Set(Atom(sbt.ScriptedPlugin)))
[debug] Clause(Atom(sbt.plugins.SemanticdbPlugin),Set(Atom(sbt.plugins.JvmPlugin)))
[debug] Clause(Atom(sbt.plugins.JUnitXmlReportPlugin),Set(Atom(sbt.plugins.JvmPlugin)))
[debug] Clause(Atom(sbt.plugins.MiniDependencyTreePlugin),Set(Atom(sbt.plugins.JvmPlugin)))
[debug] Clause(Atom(sbt.plugins.CorePlugin),Set(Atom(sbt.plugins.IvyPlugin)))
[debug] Clause(Atom(sbt.plugins.IvyPlugin),Set(Atom(sbt.plugins.JvmPlugin)))
[debug] Clause(Atom(sbt.plugins.JvmPlugin),Set(Atom(sbt.plugins.SemanticdbPlugin)))
[debug] Clause(Atom(sbt.plugins.JvmPlugin),Set(Atom(sbt.plugins.JUnitXmlReportPlugin)))
[debug] Clause(Atom(sbt.plugins.CorePlugin),Set(Atom(sbt.plugins.Giter8TemplatePlugin)))
[debug] Clause(Atom(sbt.plugins.JvmPlugin),Set(Atom(sbt.plugins.MiniDependencyTreePlugin))))
[debug]   :: deduced result: Matched(sbt.plugins.CorePlugin,sbt.plugins.Giter8TemplatePlugin,sbt.plugins.IvyPlugin,sbt.plugins.JvmPlugin,sbt.plugins.MiniDependencyTreePlugin,sbt.plugins.JUnitXmlReportPlugin,sbt.plugins.SemanticdbPlugin)
[debug] Plugins.deducer#function took 3.014201 ms
[debug]               Load.resolveProject(lopez_redsocial_reactiva-build) took 2.027399ms
[debug]             Load.loadTransitive: finalizeProject(Project(id lopez_redsocial_reactiva-build, base: C:\intellij\ProgramadorUtpl\Lopez_RedSocial_Reactiva\project, plugins: List(<none>))) took 5.816001ms
[debug] [Loading] Done in C:\intellij\ProgramadorUtpl\Lopez_RedSocial_Reactiva\project, returning: (lopez_redsocial_reactiva-build)
[debug]           Load.loadUnit: loadedProjectsRaw took 8.577901ms
[debug]           Load.loadUnit: cleanEvalClasses took 0.017399ms
[debug]         Load.loadUnit(file:/C:/intellij/ProgramadorUtpl/Lopez_RedSocial_Reactiva/project/, ...) took 45.402499ms
[debug]       Load.apply: load took 48.4898ms
[debug]       Load.apply: resolveProjects took 0.1841ms
[debug]       Load.apply: finalTransforms took 20.379399ms
[debug]       Load.apply: config.delegates took 0.5607ms
[debug]       Load.apply: Def.make(settings)... took 157.8099ms
[debug]       Load.apply: structureIndex took 58.786401ms
[debug]       Load.apply: mkStreams took 0.0036ms
[info] loading project definition from C:\intellij\ProgramadorUtpl\Lopez_RedSocial_Reactiva\project
[debug] Running task... Cancel: Signal, check cycles: false, forcegc: true
[debug]     Load.loadUnit: plugins took 715.3949ms
[debug]     Load.loadUnit: defsScala took 0.0035ms
[debug] [Loading] Scanning directory C:\intellij\ProgramadorUtpl\Lopez_RedSocial_Reactiva
[debug]       Load.loadUnit: mkEval took 5.821901ms
[debug] [Loading] Found root project root w/ remaining 
[debug] deducing auto plugins based on known facts Set(Atom(sbt.plugins.CorePlugin)) and clauses Clauses(Clause(Atom(sbt.plugins.JvmPlugin),Set(Atom(sbt.plugins.IvyPlugin)))
[debug] Clause(Atom(sbt.ScriptedPlugin),Set(Atom(sbt.plugins.JvmPlugin)))
[debug] Clause(Atom(sbt.plugins.SbtPlugin),Set(Atom(sbt.ScriptedPlugin)))
[debug] Clause(Atom(sbt.plugins.SemanticdbPlugin),Set(Atom(sbt.plugins.JvmPlugin)))
[debug] Clause(Atom(sbt.plugins.JUnitXmlReportPlugin),Set(Atom(sbt.plugins.JvmPlugin)))
[debug] Clause(Atom(sbt.plugins.MiniDependencyTreePlugin),Set(Atom(sbt.plugins.JvmPlugin)))
[debug] Clause(Atom(sbt.plugins.CorePlugin),Set(Atom(sbt.plugins.IvyPlugin)))
[debug] Clause(Atom(sbt.plugins.IvyPlugin),Set(Atom(sbt.plugins.JvmPlugin)))
[debug] Clause(Atom(sbt.plugins.JvmPlugin),Set(Atom(sbt.plugins.SemanticdbPlugin)))
[debug] Clause(Atom(sbt.plugins.JvmPlugin),Set(Atom(sbt.plugins.JUnitXmlReportPlugin)))
[debug] Clause(Atom(sbt.plugins.CorePlugin),Set(Atom(sbt.plugins.Giter8TemplatePlugin)))
[debug] Clause(Atom(sbt.plugins.JvmPlugin),Set(Atom(sbt.plugins.MiniDependencyTreePlugin))))
[debug]   :: deduced result: Matched(sbt.plugins.CorePlugin,sbt.plugins.Giter8TemplatePlugin,sbt.plugins.IvyPlugin,sbt.plugins.JvmPlugin,sbt.plugins.MiniDependencyTreePlugin,sbt.plugins.JUnitXmlReportPlugin,sbt.plugins.SemanticdbPlugin)
[debug] Plugins.deducer#function took 2.2032 ms
[info] loading settings for project root from build.sbt ...
[debug]         Load.resolveProject(root) took 3.9113ms
[debug]       Load.loadTransitive: finalizeProject(Project(id root, base: C:\intellij\ProgramadorUtpl\Lopez_RedSocial_Reactiva, plugins: List(<none>))) took 7.6558ms
[debug] [Loading] Done in C:\intellij\ProgramadorUtpl\Lopez_RedSocial_Reactiva, returning: (root)
[debug]     Load.loadUnit: loadedProjectsRaw took 4197.151799ms
[debug]     Load.loadUnit: cleanEvalClasses took 28.882901ms
[debug]   Load.loadUnit(file:/C:/intellij/ProgramadorUtpl/Lopez_RedSocial_Reactiva/, ...) took 4942.676601ms
[debug] Load.apply: load took 4945.3559ms
[debug] Load.apply: resolveProjects took 0.15ms
[debug] Load.apply: finalTransforms took 23.594699ms
[debug] Load.apply: config.delegates took 0.6357ms
[debug] Load.apply: Def.make(settings)... took 109.0333ms
[debug] Load.apply: structureIndex took 50.4585ms
[debug] Load.apply: mkStreams took 0.004499ms
[info] set current project to Lopez_RedSocial_Reactiva (in build file:/C:/intellij/ProgramadorUtpl/Lopez_RedSocial_Reactiva/)
[debug] > Exec(sbtPopOnFailure, None, None)
[debug] > Exec(resumeFromFailure, None, None)
[debug] > Exec(notifyUsersAboutShell, None, None)
[debug] > Exec(iflast shell, None, None)
[debug] > Exec(shell, None, None)
[info] sbt server started at local:sbt-server-dfde99faa6b2a3f2757e
[debug] Writing bsp connection file
[info] started sbt server
